<?xml version="1.0" encoding="UTF-8"?>
<testng-results ignored="0" total="1" passed="1" failed="0" skipped="0">
  <reporter-output>
  </reporter-output>
  <suite started-at="2025-10-02T13:57:04 IST" name="Default suite" finished-at="2025-10-02T13:57:17 IST" duration-ms="12942">
    <groups>
    </groups>
    <test started-at="2025-10-02T13:57:04 IST" name="Default test" finished-at="2025-10-02T13:57:17 IST" duration-ms="12942">
      <class name="SeatPal.SeatPal.LoginTest">
        <test-method is-config="true" signature="setUp()[pri:0, instance:SeatPal.SeatPal.LoginTest@233795b6]" started-at="2025-10-02T13:57:04 IST" name="setUp" finished-at="2025-10-02T13:57:11 IST" duration-ms="7506" status="PASS">
          <reporter-output>
          </reporter-output>
        </test-method> <!-- setUp -->
        <test-method signature="validLoginTest()[pri:1, instance:SeatPal.SeatPal.LoginTest@233795b6]" started-at="2025-10-02T13:57:11 IST" name="validLoginTest" finished-at="2025-10-02T13:57:17 IST" duration-ms="5322" status="PASS">
          <reporter-output>
          </reporter-output>
        </test-method> <!-- validLoginTest -->
      </class> <!-- SeatPal.SeatPal.LoginTest -->
    </test> <!-- Default test -->
  </suite> <!-- Default suite -->
</testng-results>
